{
  issues: [
    {
      expected: "'Autumn' | 'Summer' | 'Fall'",
      received: 'undefined',
      code: 'invalid_type',
      path: [ 'body', 'title' ],
      message: 'Title is required'
    },
    {
      code: 'invalid_type',
      expected: 'string',
      received: 'undefined',
      path: [ 'body', 'year' ],
      message: 'Year is required'
    },
    {
      expected: "'01' | '02' | '03'",
      received: 'undefined',
      code: 'invalid_type',
      path: [ 'body', 'code' ],
      message: 'Code is required'
    },
    {
      expected: "'January' | 'February' | 'March' | 'April' | 'May' | 'June' | 'July' | 'August' | 'September' | 'October' | 'November' | 'December'",
      received: 'undefined',
      code: 'invalid_type',
      path: [ 'body', 'startMonth' ],
      message: 'Start month is required'
    },
    {
      expected: "'January' | 'February' | 'March' | 'April' | 'May' | 'June' | 'July' | 'August' | 'September' | 'October' | 'November' | 'December'",
      received: 'undefined',
      code: 'invalid_type',
      path: [ 'body', 'endMonth' ],
      message: 'End month is required'
    }
  ],
  addIssue: [Function (anonymous)],
  addIssues: [Function (anonymous)],
  name: 'ZodError',
  level: 'error',
  message: 'globalErrorHandler [\n' +
    '  {\n' +
    `    "expected": "'Autumn' | 'Summer' | 'Fall'",\n` +
    '    "received": "undefined",\n' +
    '    "code": "invalid_type",\n' +
    '    "path": [\n' +
    '      "body",\n' +
    '      "title"\n' +
    '    ],\n' +
    '    "message": "Title is required"\n' +
    '  },\n' +
    '  {\n' +
    '    "code": "invalid_type",\n' +
    '    "expected": "string",\n' +
    '    "received": "undefined",\n' +
    '    "path": [\n' +
    '      "body",\n' +
    '      "year"\n' +
    '    ],\n' +
    '    "message": "Year is required"\n' +
    '  },\n' +
    '  {\n' +
    `    "expected": "'01' | '02' | '03'",\n` +
    '    "received": "undefined",\n' +
    '    "code": "invalid_type",\n' +
    '    "path": [\n' +
    '      "body",\n' +
    '      "code"\n' +
    '    ],\n' +
    '    "message": "Code is required"\n' +
    '  },\n' +
    '  {\n' +
    `    "expected": "'January' | 'February' | 'March' | 'April' | 'May' | 'June' | 'July' | 'August' | 'September' | 'October' | 'November' | 'December'",\n` +
    '    "received": "undefined",\n' +
    '    "code": "invalid_type",\n' +
    '    "path": [\n' +
    '      "body",\n' +
    '      "startMonth"\n' +
    '    ],\n' +
    '    "message": "Start month is required"\n' +
    '  },\n' +
    '  {\n' +
    `    "expected": "'January' | 'February' | 'March' | 'April' | 'May' | 'June' | 'July' | 'August' | 'September' | 'October' | 'November' | 'December'",\n` +
    '    "received": "undefined",\n' +
    '    "code": "invalid_type",\n' +
    '    "path": [\n' +
    '      "body",\n' +
    '      "endMonth"\n' +
    '    ],\n' +
    '    "message": "End month is required"\n' +
    '  }\n' +
    ']',
  stack: 'ZodError: [\n' +
    '  {\n' +
    `    "expected": "'Autumn' | 'Summer' | 'Fall'",\n` +
    '    "received": "undefined",\n' +
    '    "code": "invalid_type",\n' +
    '    "path": [\n' +
    '      "body",\n' +
    '      "title"\n' +
    '    ],\n' +
    '    "message": "Title is required"\n' +
    '  },\n' +
    '  {\n' +
    '    "code": "invalid_type",\n' +
    '    "expected": "string",\n' +
    '    "received": "undefined",\n' +
    '    "path": [\n' +
    '      "body",\n' +
    '      "year"\n' +
    '    ],\n' +
    '    "message": "Year is required"\n' +
    '  },\n' +
    '  {\n' +
    `    "expected": "'01' | '02' | '03'",\n` +
    '    "received": "undefined",\n' +
    '    "code": "invalid_type",\n' +
    '    "path": [\n' +
    '      "body",\n' +
    '      "code"\n' +
    '    ],\n' +
    '    "message": "Code is required"\n' +
    '  },\n' +
    '  {\n' +
    `    "expected": "'January' | 'February' | 'March' | 'April' | 'May' | 'June' | 'July' | 'August' | 'September' | 'October' | 'November' | 'December'",\n` +
    '    "received": "undefined",\n' +
    '    "code": "invalid_type",\n' +
    '    "path": [\n' +
    '      "body",\n' +
    '      "startMonth"\n' +
    '    ],\n' +
    '    "message": "Start month is required"\n' +
    '  },\n' +
    '  {\n' +
    `    "expected": "'January' | 'February' | 'March' | 'April' | 'May' | 'June' | 'July' | 'August' | 'September' | 'October' | 'November' | 'December'",\n` +
    '    "received": "undefined",\n' +
    '    "code": "invalid_type",\n' +
    '    "path": [\n' +
    '      "body",\n' +
    '      "endMonth"\n' +
    '    ],\n' +
    '    "message": "End month is required"\n' +
    '  }\n' +
    ']\n' +
    '    at Object.get error [as error] (F:\\Web Tec 2\\NoSQL\\universitry-management-auth-service\\node_modules\\zod\\lib\\types.js:43:31)\n' +
    '    at ZodObject.parseAsync (F:\\Web Tec 2\\NoSQL\\universitry-management-auth-service\\node_modules\\zod\\lib\\types.js:166:22)\n' +
    '    at processTicksAndRejections (node:internal/process/task_queues:95:5)',
  label: 'UM',
  timestamp: '2024-04-14T12:06:10.956Z'
}
{
  issues: [
    {
      expected: "'Autumn' | 'Summer' | 'Fall'",
      received: 'undefined',
      code: 'invalid_type',
      path: [ 'body', 'title' ],
      message: 'Title is required'
    },
    {
      code: 'invalid_type',
      expected: 'string',
      received: 'undefined',
      path: [ 'body', 'year' ],
      message: 'Year is required'
    },
    {
      expected: "'01' | '02' | '03'",
      received: 'undefined',
      code: 'invalid_type',
      path: [ 'body', 'code' ],
      message: 'Code is required'
    },
    {
      expected: "'January' | 'February' | 'March' | 'April' | 'May' | 'June' | 'July' | 'August' | 'September' | 'October' | 'November' | 'December'",
      received: 'undefined',
      code: 'invalid_type',
      path: [ 'body', 'startMonth' ],
      message: 'Start month is required'
    },
    {
      expected: "'January' | 'February' | 'March' | 'April' | 'May' | 'June' | 'July' | 'August' | 'September' | 'October' | 'November' | 'December'",
      received: 'undefined',
      code: 'invalid_type',
      path: [ 'body', 'endMonth' ],
      message: 'End month is required'
    }
  ],
  addIssue: [Function (anonymous)],
  addIssues: [Function (anonymous)],
  name: 'ZodError',
  level: 'error',
  message: 'globalErrorHandler [\n' +
    '  {\n' +
    `    "expected": "'Autumn' | 'Summer' | 'Fall'",\n` +
    '    "received": "undefined",\n' +
    '    "code": "invalid_type",\n' +
    '    "path": [\n' +
    '      "body",\n' +
    '      "title"\n' +
    '    ],\n' +
    '    "message": "Title is required"\n' +
    '  },\n' +
    '  {\n' +
    '    "code": "invalid_type",\n' +
    '    "expected": "string",\n' +
    '    "received": "undefined",\n' +
    '    "path": [\n' +
    '      "body",\n' +
    '      "year"\n' +
    '    ],\n' +
    '    "message": "Year is required"\n' +
    '  },\n' +
    '  {\n' +
    `    "expected": "'01' | '02' | '03'",\n` +
    '    "received": "undefined",\n' +
    '    "code": "invalid_type",\n' +
    '    "path": [\n' +
    '      "body",\n' +
    '      "code"\n' +
    '    ],\n' +
    '    "message": "Code is required"\n' +
    '  },\n' +
    '  {\n' +
    `    "expected": "'January' | 'February' | 'March' | 'April' | 'May' | 'June' | 'July' | 'August' | 'September' | 'October' | 'November' | 'December'",\n` +
    '    "received": "undefined",\n' +
    '    "code": "invalid_type",\n' +
    '    "path": [\n' +
    '      "body",\n' +
    '      "startMonth"\n' +
    '    ],\n' +
    '    "message": "Start month is required"\n' +
    '  },\n' +
    '  {\n' +
    `    "expected": "'January' | 'February' | 'March' | 'April' | 'May' | 'June' | 'July' | 'August' | 'September' | 'October' | 'November' | 'December'",\n` +
    '    "received": "undefined",\n' +
    '    "code": "invalid_type",\n' +
    '    "path": [\n' +
    '      "body",\n' +
    '      "endMonth"\n' +
    '    ],\n' +
    '    "message": "End month is required"\n' +
    '  }\n' +
    ']',
  stack: 'ZodError: [\n' +
    '  {\n' +
    `    "expected": "'Autumn' | 'Summer' | 'Fall'",\n` +
    '    "received": "undefined",\n' +
    '    "code": "invalid_type",\n' +
    '    "path": [\n' +
    '      "body",\n' +
    '      "title"\n' +
    '    ],\n' +
    '    "message": "Title is required"\n' +
    '  },\n' +
    '  {\n' +
    '    "code": "invalid_type",\n' +
    '    "expected": "string",\n' +
    '    "received": "undefined",\n' +
    '    "path": [\n' +
    '      "body",\n' +
    '      "year"\n' +
    '    ],\n' +
    '    "message": "Year is required"\n' +
    '  },\n' +
    '  {\n' +
    `    "expected": "'01' | '02' | '03'",\n` +
    '    "received": "undefined",\n' +
    '    "code": "invalid_type",\n' +
    '    "path": [\n' +
    '      "body",\n' +
    '      "code"\n' +
    '    ],\n' +
    '    "message": "Code is required"\n' +
    '  },\n' +
    '  {\n' +
    `    "expected": "'January' | 'February' | 'March' | 'April' | 'May' | 'June' | 'July' | 'August' | 'September' | 'October' | 'November' | 'December'",\n` +
    '    "received": "undefined",\n' +
    '    "code": "invalid_type",\n' +
    '    "path": [\n' +
    '      "body",\n' +
    '      "startMonth"\n' +
    '    ],\n' +
    '    "message": "Start month is required"\n' +
    '  },\n' +
    '  {\n' +
    `    "expected": "'January' | 'February' | 'March' | 'April' | 'May' | 'June' | 'July' | 'August' | 'September' | 'October' | 'November' | 'December'",\n` +
    '    "received": "undefined",\n' +
    '    "code": "invalid_type",\n' +
    '    "path": [\n' +
    '      "body",\n' +
    '      "endMonth"\n' +
    '    ],\n' +
    '    "message": "End month is required"\n' +
    '  }\n' +
    ']\n' +
    '    at Object.get error [as error] (F:\\Web Tec 2\\NoSQL\\universitry-management-auth-service\\node_modules\\zod\\lib\\types.js:43:31)\n' +
    '    at ZodObject.parseAsync (F:\\Web Tec 2\\NoSQL\\universitry-management-auth-service\\node_modules\\zod\\lib\\types.js:166:22)\n' +
    '    at processTicksAndRejections (node:internal/process/task_queues:95:5)',
  label: 'UM',
  timestamp: '2024-04-14T12:07:00.510Z'
}
{
  issues: [
    {
      code: 'invalid_type',
      expected: 'string',
      received: 'undefined',
      path: [ 'body', 'role' ],
      message: 'Role is required'
    }
  ],
  addIssue: [Function (anonymous)],
  addIssues: [Function (anonymous)],
  name: 'ZodError',
  level: 'error',
  message: 'globalErrorHandler [\n' +
    '  {\n' +
    '    "code": "invalid_type",\n' +
    '    "expected": "string",\n' +
    '    "received": "undefined",\n' +
    '    "path": [\n' +
    '      "body",\n' +
    '      "role"\n' +
    '    ],\n' +
    '    "message": "Role is required"\n' +
    '  }\n' +
    ']',
  stack: 'ZodError: [\n' +
    '  {\n' +
    '    "code": "invalid_type",\n' +
    '    "expected": "string",\n' +
    '    "received": "undefined",\n' +
    '    "path": [\n' +
    '      "body",\n' +
    '      "role"\n' +
    '    ],\n' +
    '    "message": "Role is required"\n' +
    '  }\n' +
    ']\n' +
    '    at Object.get error [as error] (F:\\Web Tec 2\\NoSQL\\universitry-management-auth-service\\node_modules\\zod\\lib\\types.js:43:31)\n' +
    '    at ZodObject.parseAsync (F:\\Web Tec 2\\NoSQL\\universitry-management-auth-service\\node_modules\\zod\\lib\\types.js:166:22)\n' +
    '    at processTicksAndRejections (node:internal/process/task_queues:95:5)',
  label: 'UM',
  timestamp: '2024-04-14T12:07:30.582Z'
}
{
  issues: [
    {
      expected: "'Autumn' | 'Summer' | 'Fall'",
      received: 'undefined',
      code: 'invalid_type',
      path: [ 'body', 'title' ],
      message: 'Title is required'
    },
    {
      code: 'invalid_type',
      expected: 'string',
      received: 'undefined',
      path: [ 'body', 'year' ],
      message: 'Year is required'
    },
    {
      expected: "'01' | '02' | '03'",
      received: 'undefined',
      code: 'invalid_type',
      path: [ 'body', 'code' ],
      message: 'Code is required'
    },
    {
      expected: "'January' | 'February' | 'March' | 'April' | 'May' | 'June' | 'July' | 'August' | 'September' | 'October' | 'November' | 'December'",
      received: 'undefined',
      code: 'invalid_type',
      path: [ 'body', 'startMonth' ],
      message: 'Start month is required'
    },
    {
      expected: "'January' | 'February' | 'March' | 'April' | 'May' | 'June' | 'July' | 'August' | 'September' | 'October' | 'November' | 'December'",
      received: 'undefined',
      code: 'invalid_type',
      path: [ 'body', 'endMonth' ],
      message: 'End month is required'
    }
  ],
  addIssue: [Function (anonymous)],
  addIssues: [Function (anonymous)],
  name: 'ZodError',
  level: 'error',
  message: 'globalErrorHandler [\n' +
    '  {\n' +
    `    "expected": "'Autumn' | 'Summer' | 'Fall'",\n` +
    '    "received": "undefined",\n' +
    '    "code": "invalid_type",\n' +
    '    "path": [\n' +
    '      "body",\n' +
    '      "title"\n' +
    '    ],\n' +
    '    "message": "Title is required"\n' +
    '  },\n' +
    '  {\n' +
    '    "code": "invalid_type",\n' +
    '    "expected": "string",\n' +
    '    "received": "undefined",\n' +
    '    "path": [\n' +
    '      "body",\n' +
    '      "year"\n' +
    '    ],\n' +
    '    "message": "Year is required"\n' +
    '  },\n' +
    '  {\n' +
    `    "expected": "'01' | '02' | '03'",\n` +
    '    "received": "undefined",\n' +
    '    "code": "invalid_type",\n' +
    '    "path": [\n' +
    '      "body",\n' +
    '      "code"\n' +
    '    ],\n' +
    '    "message": "Code is required"\n' +
    '  },\n' +
    '  {\n' +
    `    "expected": "'January' | 'February' | 'March' | 'April' | 'May' | 'June' | 'July' | 'August' | 'September' | 'October' | 'November' | 'December'",\n` +
    '    "received": "undefined",\n' +
    '    "code": "invalid_type",\n' +
    '    "path": [\n' +
    '      "body",\n' +
    '      "startMonth"\n' +
    '    ],\n' +
    '    "message": "Start month is required"\n' +
    '  },\n' +
    '  {\n' +
    `    "expected": "'January' | 'February' | 'March' | 'April' | 'May' | 'June' | 'July' | 'August' | 'September' | 'October' | 'November' | 'December'",\n` +
    '    "received": "undefined",\n' +
    '    "code": "invalid_type",\n' +
    '    "path": [\n' +
    '      "body",\n' +
    '      "endMonth"\n' +
    '    ],\n' +
    '    "message": "End month is required"\n' +
    '  }\n' +
    ']',
  stack: 'ZodError: [\n' +
    '  {\n' +
    `    "expected": "'Autumn' | 'Summer' | 'Fall'",\n` +
    '    "received": "undefined",\n' +
    '    "code": "invalid_type",\n' +
    '    "path": [\n' +
    '      "body",\n' +
    '      "title"\n' +
    '    ],\n' +
    '    "message": "Title is required"\n' +
    '  },\n' +
    '  {\n' +
    '    "code": "invalid_type",\n' +
    '    "expected": "string",\n' +
    '    "received": "undefined",\n' +
    '    "path": [\n' +
    '      "body",\n' +
    '      "year"\n' +
    '    ],\n' +
    '    "message": "Year is required"\n' +
    '  },\n' +
    '  {\n' +
    `    "expected": "'01' | '02' | '03'",\n` +
    '    "received": "undefined",\n' +
    '    "code": "invalid_type",\n' +
    '    "path": [\n' +
    '      "body",\n' +
    '      "code"\n' +
    '    ],\n' +
    '    "message": "Code is required"\n' +
    '  },\n' +
    '  {\n' +
    `    "expected": "'January' | 'February' | 'March' | 'April' | 'May' | 'June' | 'July' | 'August' | 'September' | 'October' | 'November' | 'December'",\n` +
    '    "received": "undefined",\n' +
    '    "code": "invalid_type",\n' +
    '    "path": [\n' +
    '      "body",\n' +
    '      "startMonth"\n' +
    '    ],\n' +
    '    "message": "Start month is required"\n' +
    '  },\n' +
    '  {\n' +
    `    "expected": "'January' | 'February' | 'March' | 'April' | 'May' | 'June' | 'July' | 'August' | 'September' | 'October' | 'November' | 'December'",\n` +
    '    "received": "undefined",\n' +
    '    "code": "invalid_type",\n' +
    '    "path": [\n' +
    '      "body",\n' +
    '      "endMonth"\n' +
    '    ],\n' +
    '    "message": "End month is required"\n' +
    '  }\n' +
    ']\n' +
    '    at Object.get error [as error] (F:\\Web Tec 2\\NoSQL\\universitry-management-auth-service\\node_modules\\zod\\lib\\types.js:43:31)\n' +
    '    at ZodObject.parseAsync (F:\\Web Tec 2\\NoSQL\\universitry-management-auth-service\\node_modules\\zod\\lib\\types.js:166:22)\n' +
    '    at processTicksAndRejections (node:internal/process/task_queues:95:5)',
  label: 'UM',
  timestamp: '2024-04-14T12:09:51.035Z'
}
{
  issues: [
    {
      expected: "'January' | 'February' | 'March' | 'April' | 'May' | 'June' | 'July' | 'August' | 'September' | 'October' | 'November' | 'December'",
      received: 'undefined',
      code: 'invalid_type',
      path: [ 'body', 'endMonth' ],
      message: 'End month is required'
    }
  ],
  addIssue: [Function (anonymous)],
  addIssues: [Function (anonymous)],
  name: 'ZodError',
  level: 'error',
  message: 'globalErrorHandler [\n' +
    '  {\n' +
    `    "expected": "'January' | 'February' | 'March' | 'April' | 'May' | 'June' | 'July' | 'August' | 'September' | 'October' | 'November' | 'December'",\n` +
    '    "received": "undefined",\n' +
    '    "code": "invalid_type",\n' +
    '    "path": [\n' +
    '      "body",\n' +
    '      "endMonth"\n' +
    '    ],\n' +
    '    "message": "End month is required"\n' +
    '  }\n' +
    ']',
  stack: 'ZodError: [\n' +
    '  {\n' +
    `    "expected": "'January' | 'February' | 'March' | 'April' | 'May' | 'June' | 'July' | 'August' | 'September' | 'October' | 'November' | 'December'",\n` +
    '    "received": "undefined",\n' +
    '    "code": "invalid_type",\n' +
    '    "path": [\n' +
    '      "body",\n' +
    '      "endMonth"\n' +
    '    ],\n' +
    '    "message": "End month is required"\n' +
    '  }\n' +
    ']\n' +
    '    at Object.get error [as error] (F:\\Web Tec 2\\NoSQL\\universitry-management-auth-service\\node_modules\\zod\\lib\\types.js:43:31)\n' +
    '    at ZodObject.parseAsync (F:\\Web Tec 2\\NoSQL\\universitry-management-auth-service\\node_modules\\zod\\lib\\types.js:166:22)\n' +
    '    at processTicksAndRejections (node:internal/process/task_queues:95:5)',
  label: 'UM',
  timestamp: '2024-04-14T12:10:41.468Z'
}
{
  expose: true,
  statusCode: 400,
  status: 400,
  body: '{\r\n' +
    '    "title":"Autumn",\r\n' +
    '    "year":"2022",\r\n' +
    '    "code":"01",\r\n' +
    '    "startMonth":"January",\r\n' +
    '}',
  type: 'entity.parse.failed',
  level: 'error',
  message: 'globalErrorHandler Expected double-quoted property name in JSON at position 93',
  stack: 'SyntaxError: Expected double-quoted property name in JSON at position 93\n' +
    '    at JSON.parse (<anonymous>)\n' +
    '    at parse (F:\\Web Tec 2\\NoSQL\\universitry-management-auth-service\\node_modules\\body-parser\\lib\\types\\json.js:92:19)\n' +
    '    at F:\\Web Tec 2\\NoSQL\\universitry-management-auth-service\\node_modules\\body-parser\\lib\\read.js:128:18\n' +
    '    at AsyncResource.runInAsyncScope (node:async_hooks:206:9)\n' +
    '    at invokeCallback (F:\\Web Tec 2\\NoSQL\\universitry-management-auth-service\\node_modules\\raw-body\\index.js:238:16)\n' +
    '    at done (F:\\Web Tec 2\\NoSQL\\universitry-management-auth-service\\node_modules\\raw-body\\index.js:227:7)\n' +
    '    at IncomingMessage.onEnd (F:\\Web Tec 2\\NoSQL\\universitry-management-auth-service\\node_modules\\raw-body\\index.js:287:7)\n' +
    '    at IncomingMessage.emit (node:events:511:28)\n' +
    '    at endReadableNT (node:internal/streams/readable:1367:12)\n' +
    '    at processTicksAndRejections (node:internal/process/task_queues:82:21)',
  label: 'UM',
  timestamp: '2024-04-14T12:24:43.344Z'
}
{
  expose: true,
  statusCode: 400,
  status: 400,
  body: '{\r\n' +
    '    "title":"Autumn",\r\n' +
    '    "year":"2022",\r\n' +
    '    "code":"01",\r\n' +
    '    "startMonth":"January",\r\n' +
    '}',
  type: 'entity.parse.failed',
  level: 'error',
  message: 'globalErrorHandler Expected double-quoted property name in JSON at position 93',
  stack: 'SyntaxError: Expected double-quoted property name in JSON at position 93\n' +
    '    at JSON.parse (<anonymous>)\n' +
    '    at parse (F:\\Web Tec 2\\NoSQL\\universitry-management-auth-service\\node_modules\\body-parser\\lib\\types\\json.js:92:19)\n' +
    '    at F:\\Web Tec 2\\NoSQL\\universitry-management-auth-service\\node_modules\\body-parser\\lib\\read.js:128:18\n' +
    '    at AsyncResource.runInAsyncScope (node:async_hooks:206:9)\n' +
    '    at invokeCallback (F:\\Web Tec 2\\NoSQL\\universitry-management-auth-service\\node_modules\\raw-body\\index.js:238:16)\n' +
    '    at done (F:\\Web Tec 2\\NoSQL\\universitry-management-auth-service\\node_modules\\raw-body\\index.js:227:7)\n' +
    '    at IncomingMessage.onEnd (F:\\Web Tec 2\\NoSQL\\universitry-management-auth-service\\node_modules\\raw-body\\index.js:287:7)\n' +
    '    at IncomingMessage.emit (node:events:511:28)\n' +
    '    at endReadableNT (node:internal/streams/readable:1367:12)\n' +
    '    at processTicksAndRejections (node:internal/process/task_queues:82:21)',
  label: 'UM',
  timestamp: '2024-04-14T12:24:48.328Z'
}
