{
  message: 'Database is connected successfully',
  level: 'info',
  label: 'UM',
  timestamp: '2024-04-14T08:25:22.632Z'
}
{
  message: 'Example app listening on port 5000',
  level: 'info',
  label: 'UM',
  timestamp: '2024-04-14T08:25:22.644Z'
}
{
  message: 'Database is connected successfully',
  level: 'info',
  label: 'UM',
  timestamp: '2024-04-14T08:26:03.669Z'
}
{
  message: 'Example app listening on port 5000',
  level: 'info',
  label: 'UM',
  timestamp: '2024-04-14T08:26:03.675Z'
}
{
  message: 'Database is connected successfully',
  level: 'info',
  label: 'UM',
  timestamp: '2024-04-14T08:26:07.131Z'
}
{
  message: 'Example app listening on port 5000',
  level: 'info',
  label: 'UM',
  timestamp: '2024-04-14T08:26:07.147Z'
}
{
  message: 'Database is connected successfully',
  level: 'info',
  label: 'UM',
  timestamp: '2024-04-14T08:26:12.748Z'
}
{
  message: 'Example app listening on port 5000',
  level: 'info',
  label: 'UM',
  timestamp: '2024-04-14T08:26:12.757Z'
}
{
  message: 'Database is connected successfully',
  level: 'info',
  label: 'UM',
  timestamp: '2024-04-14T08:42:30.884Z'
}
{
  message: 'Example app listening on port 5000',
  level: 'info',
  label: 'UM',
  timestamp: '2024-04-14T08:42:30.894Z'
}
{
  message: 'Database is connected successfully',
  level: 'info',
  label: 'UM',
  timestamp: '2024-04-14T08:43:02.430Z'
}
{
  message: 'Example app listening on port 5000',
  level: 'info',
  label: 'UM',
  timestamp: '2024-04-14T08:43:02.436Z'
}
{
  message: 'Database is connected successfully',
  level: 'info',
  label: 'UM',
  timestamp: '2024-04-14T08:43:43.710Z'
}
{
  message: 'Example app listening on port 5000',
  level: 'info',
  label: 'UM',
  timestamp: '2024-04-14T08:43:43.717Z'
}
{
  message: 'Database is connected successfully',
  level: 'info',
  label: 'UM',
  timestamp: '2024-04-14T08:43:45.273Z'
}
{
  message: 'Example app listening on port 5000',
  level: 'info',
  label: 'UM',
  timestamp: '2024-04-14T08:43:45.281Z'
}
{
  message: 'Database is connected successfully',
  level: 'info',
  label: 'UM',
  timestamp: '2024-04-14T08:44:09.876Z'
}
{
  message: 'Example app listening on port 5000',
  level: 'info',
  label: 'UM',
  timestamp: '2024-04-14T08:44:09.883Z'
}
{
  message: 'Database is connected successfully',
  level: 'info',
  label: 'UM',
  timestamp: '2024-04-14T08:44:32.501Z'
}
{
  message: 'Example app listening on port 5000',
  level: 'info',
  label: 'UM',
  timestamp: '2024-04-14T08:44:32.521Z'
}
{
  message: 'Database is connected successfully',
  level: 'info',
  label: 'UM',
  timestamp: '2024-04-14T08:44:47.835Z'
}
{
  message: 'Example app listening on port 5000',
  level: 'info',
  label: 'UM',
  timestamp: '2024-04-14T08:44:47.850Z'
}
{
  message: 'Database is connected successfully',
  level: 'info',
  label: 'UM',
  timestamp: '2024-04-14T08:44:54.424Z'
}
{
  message: 'Example app listening on port 5000',
  level: 'info',
  label: 'UM',
  timestamp: '2024-04-14T08:44:54.438Z'
}
{
  message: 'Database is connected successfully',
  level: 'info',
  label: 'UM',
  timestamp: '2024-04-14T08:45:50.414Z'
}
{
  message: 'Example app listening on port 5000',
  level: 'info',
  label: 'UM',
  timestamp: '2024-04-14T08:45:50.434Z'
}
{
  message: 'Database is connected successfully',
  level: 'info',
  label: 'UM',
  timestamp: '2024-04-14T08:46:11.372Z'
}
{
  message: 'Example app listening on port 5000',
  level: 'info',
  label: 'UM',
  timestamp: '2024-04-14T08:46:11.379Z'
}
{
  message: 'Database is connected successfully',
  level: 'info',
  label: 'UM',
  timestamp: '2024-04-14T08:57:35.041Z'
}
{
  message: 'Example app listening on port 5000',
  level: 'info',
  label: 'UM',
  timestamp: '2024-04-14T08:57:35.050Z'
}
{
  message: 'Database is connected successfully',
  level: 'info',
  label: 'UM',
  timestamp: '2024-04-14T08:57:57.121Z'
}
{
  message: 'Example app listening on port 5000',
  level: 'info',
  label: 'UM',
  timestamp: '2024-04-14T08:57:57.136Z'
}
{
  message: 'Database is connected successfully',
  level: 'info',
  label: 'UM',
  timestamp: '2024-04-14T08:58:16.877Z'
}
{
  message: 'Example app listening on port 5000',
  level: 'info',
  label: 'UM',
  timestamp: '2024-04-14T08:58:16.885Z'
}
{
  message: 'Database is connected successfully',
  level: 'info',
  label: 'UM',
  timestamp: '2024-04-14T08:58:25.883Z'
}
{
  message: 'Example app listening on port 5000',
  level: 'info',
  label: 'UM',
  timestamp: '2024-04-14T08:58:25.896Z'
}
