{
  message: 'Database is connected successfully',
  level: 'info',
  label: 'UM',
  timestamp: '2024-04-14T09:21:45.483Z'
}
{
  message: 'Example app listening on port 5000',
  level: 'info',
  label: 'UM',
  timestamp: '2024-04-14T09:21:45.493Z'
}
{
  message: 'Database is connected successfully',
  level: 'info',
  label: 'UM',
  timestamp: '2024-04-14T09:21:47.381Z'
}
{
  message: 'Example app listening on port 5000',
  level: 'info',
  label: 'UM',
  timestamp: '2024-04-14T09:21:47.390Z'
}
{
  message: 'Database is connected successfully',
  level: 'info',
  label: 'UM',
  timestamp: '2024-04-14T09:21:56.764Z'
}
{
  message: 'Example app listening on port 5000',
  level: 'info',
  label: 'UM',
  timestamp: '2024-04-14T09:21:56.771Z'
}
{
  message: 'Database is connected successfully',
  level: 'info',
  label: 'UM',
  timestamp: '2024-04-14T09:22:54.570Z'
}
{
  message: 'Example app listening on port 5000',
  level: 'info',
  label: 'UM',
  timestamp: '2024-04-14T09:22:54.578Z'
}
{
  message: 'Database is connected successfully',
  level: 'info',
  label: 'UM',
  timestamp: '2024-04-14T09:28:37.920Z'
}
{
  message: 'Example app listening on port 5000',
  level: 'info',
  label: 'UM',
  timestamp: '2024-04-14T09:28:37.935Z'
}
{
  message: 'Database is connected successfully',
  level: 'info',
  label: 'UM',
  timestamp: '2024-04-14T09:28:49.718Z'
}
{
  message: 'Example app listening on port 5000',
  level: 'info',
  label: 'UM',
  timestamp: '2024-04-14T09:28:49.726Z'
}
{
  message: 'Database is connected successfully',
  level: 'info',
  label: 'UM',
  timestamp: '2024-04-14T09:28:54.309Z'
}
{
  message: 'Example app listening on port 5000',
  level: 'info',
  label: 'UM',
  timestamp: '2024-04-14T09:28:54.316Z'
}
