{
  message: 'Database is connected successfully',
  level: 'info',
  label: 'UM',
  timestamp: '2024-04-14T12:03:06.863Z'
}
{
  message: 'Example app listening on port 5000',
  level: 'info',
  label: 'UM',
  timestamp: '2024-04-14T12:03:06.870Z'
}
{
  message: 'Database is connected successfully',
  level: 'info',
  label: 'UM',
  timestamp: '2024-04-14T12:08:21.768Z'
}
{
  message: 'Example app listening on port 5000',
  level: 'info',
  label: 'UM',
  timestamp: '2024-04-14T12:08:21.777Z'
}
{
  message: 'Database is connected successfully',
  level: 'info',
  label: 'UM',
  timestamp: '2024-04-14T12:14:26.562Z'
}
{
  message: 'Example app listening on port 5000',
  level: 'info',
  label: 'UM',
  timestamp: '2024-04-14T12:14:26.575Z'
}
{
  message: 'Database is connected successfully',
  level: 'info',
  label: 'UM',
  timestamp: '2024-04-14T12:15:26.632Z'
}
{
  message: 'Example app listening on port 5000',
  level: 'info',
  label: 'UM',
  timestamp: '2024-04-14T12:15:26.645Z'
}
{
  message: 'Database is connected successfully',
  level: 'info',
  label: 'UM',
  timestamp: '2024-04-14T12:16:26.222Z'
}
{
  message: 'Example app listening on port 5000',
  level: 'info',
  label: 'UM',
  timestamp: '2024-04-14T12:16:26.230Z'
}
{
  message: 'Database is connected successfully',
  level: 'info',
  label: 'UM',
  timestamp: '2024-04-14T12:18:22.153Z'
}
{
  message: 'Example app listening on port 5000',
  level: 'info',
  label: 'UM',
  timestamp: '2024-04-14T12:18:22.182Z'
}
{
  message: 'Database is connected successfully',
  level: 'info',
  label: 'UM',
  timestamp: '2024-04-14T12:19:17.297Z'
}
{
  message: 'Example app listening on port 5000',
  level: 'info',
  label: 'UM',
  timestamp: '2024-04-14T12:19:17.307Z'
}
{
  message: 'Database is connected successfully',
  level: 'info',
  label: 'UM',
  timestamp: '2024-04-14T12:19:30.635Z'
}
{
  message: 'Example app listening on port 5000',
  level: 'info',
  label: 'UM',
  timestamp: '2024-04-14T12:19:30.649Z'
}
{
  message: 'Database is connected successfully',
  level: 'info',
  label: 'UM',
  timestamp: '2024-04-14T12:20:21.725Z'
}
{
  message: 'Example app listening on port 5000',
  level: 'info',
  label: 'UM',
  timestamp: '2024-04-14T12:20:21.731Z'
}
{
  message: 'Database is connected successfully',
  level: 'info',
  label: 'UM',
  timestamp: '2024-04-14T12:21:43.777Z'
}
{
  message: 'Example app listening on port 5000',
  level: 'info',
  label: 'UM',
  timestamp: '2024-04-14T12:21:43.786Z'
}
{
  message: 'Database is connected successfully',
  level: 'info',
  label: 'UM',
  timestamp: '2024-04-14T12:26:40.021Z'
}
{
  message: 'Example app listening on port 5000',
  level: 'info',
  label: 'UM',
  timestamp: '2024-04-14T12:26:40.048Z'
}
{
  message: 'Database is connected successfully',
  level: 'info',
  label: 'UM',
  timestamp: '2024-04-14T12:27:08.487Z'
}
{
  message: 'Example app listening on port 5000',
  level: 'info',
  label: 'UM',
  timestamp: '2024-04-14T12:27:08.521Z'
}
{
  message: 'Database is connected successfully',
  level: 'info',
  label: 'UM',
  timestamp: '2024-04-14T12:27:14.253Z'
}
{
  message: 'Example app listening on port 5000',
  level: 'info',
  label: 'UM',
  timestamp: '2024-04-14T12:27:14.275Z'
}
{
  message: 'Database is connected successfully',
  level: 'info',
  label: 'UM',
  timestamp: '2024-04-14T12:27:52.638Z'
}
{
  message: 'Example app listening on port 5000',
  level: 'info',
  label: 'UM',
  timestamp: '2024-04-14T12:27:52.657Z'
}
{
  message: 'Database is connected successfully',
  level: 'info',
  label: 'UM',
  timestamp: '2024-04-14T12:27:57.044Z'
}
{
  message: 'Example app listening on port 5000',
  level: 'info',
  label: 'UM',
  timestamp: '2024-04-14T12:27:57.085Z'
}
{
  message: 'Database is connected successfully',
  level: 'info',
  label: 'UM',
  timestamp: '2024-04-14T12:28:45.137Z'
}
{
  message: 'Example app listening on port 5000',
  level: 'info',
  label: 'UM',
  timestamp: '2024-04-14T12:28:45.157Z'
}
