{
  message: 'Database is connected successfully',
  level: 'info',
  label: 'UM',
  timestamp: '2024-04-14T23:34:12.963Z'
}
{
  message: 'Example app listening on port 5000',
  level: 'info',
  label: 'UM',
  timestamp: '2024-04-14T23:34:13.001Z'
}
{
  message: 'Database is connected successfully',
  level: 'info',
  label: 'UM',
  timestamp: '2024-04-14T23:36:54.782Z'
}
{
  message: 'Example app listening on port 5000',
  level: 'info',
  label: 'UM',
  timestamp: '2024-04-14T23:36:54.808Z'
}
{
  message: 'Database is connected successfully',
  level: 'info',
  label: 'UM',
  timestamp: '2024-04-14T23:37:06.716Z'
}
{
  message: 'Example app listening on port 5000',
  level: 'info',
  label: 'UM',
  timestamp: '2024-04-14T23:37:06.745Z'
}
{
  message: 'Database is connected successfully',
  level: 'info',
  label: 'UM',
  timestamp: '2024-04-14T23:37:23.061Z'
}
{
  message: 'Example app listening on port 5000',
  level: 'info',
  label: 'UM',
  timestamp: '2024-04-14T23:37:23.094Z'
}
{
  message: 'Database is connected successfully',
  level: 'info',
  label: 'UM',
  timestamp: '2024-04-14T23:39:53.968Z'
}
{
  message: 'Example app listening on port 5000',
  level: 'info',
  label: 'UM',
  timestamp: '2024-04-14T23:39:53.998Z'
}
{
  message: 'Database is connected successfully',
  level: 'info',
  label: 'UM',
  timestamp: '2024-04-14T23:42:38.202Z'
}
{
  message: 'Example app listening on port 5000',
  level: 'info',
  label: 'UM',
  timestamp: '2024-04-14T23:42:38.224Z'
}
{
  message: 'Database is connected successfully',
  level: 'info',
  label: 'UM',
  timestamp: '2024-04-14T23:44:02.986Z'
}
{
  message: 'Example app listening on port 5000',
  level: 'info',
  label: 'UM',
  timestamp: '2024-04-14T23:44:02.993Z'
}
{
  message: 'Database is connected successfully',
  level: 'info',
  label: 'UM',
  timestamp: '2024-04-14T23:45:19.167Z'
}
{
  message: 'Example app listening on port 5000',
  level: 'info',
  label: 'UM',
  timestamp: '2024-04-14T23:45:19.176Z'
}
{
  message: 'Database is connected successfully',
  level: 'info',
  label: 'UM',
  timestamp: '2024-04-14T23:45:54.427Z'
}
{
  message: 'Example app listening on port 5000',
  level: 'info',
  label: 'UM',
  timestamp: '2024-04-14T23:45:54.442Z'
}
{
  message: 'Database is connected successfully',
  level: 'info',
  label: 'UM',
  timestamp: '2024-04-14T23:47:20.724Z'
}
{
  message: 'Example app listening on port 5000',
  level: 'info',
  label: 'UM',
  timestamp: '2024-04-14T23:47:20.740Z'
}
{
  message: 'Database is connected successfully',
  level: 'info',
  label: 'UM',
  timestamp: '2024-04-14T23:47:57.287Z'
}
{
  message: 'Example app listening on port 5000',
  level: 'info',
  label: 'UM',
  timestamp: '2024-04-14T23:47:57.304Z'
}
{
  message: 'Database is connected successfully',
  level: 'info',
  label: 'UM',
  timestamp: '2024-04-14T23:48:53.007Z'
}
{
  message: 'Example app listening on port 5000',
  level: 'info',
  label: 'UM',
  timestamp: '2024-04-14T23:48:53.026Z'
}
{
  message: 'Database is connected successfully',
  level: 'info',
  label: 'UM',
  timestamp: '2024-04-14T23:49:19.419Z'
}
{
  message: 'Example app listening on port 5000',
  level: 'info',
  label: 'UM',
  timestamp: '2024-04-14T23:49:19.430Z'
}
{
  message: 'Database is connected successfully',
  level: 'info',
  label: 'UM',
  timestamp: '2024-04-14T23:49:45.324Z'
}
{
  message: 'Example app listening on port 5000',
  level: 'info',
  label: 'UM',
  timestamp: '2024-04-14T23:49:45.332Z'
}
{
  message: 'Database is connected successfully',
  level: 'info',
  label: 'UM',
  timestamp: '2024-04-14T23:50:12.361Z'
}
{
  message: 'Example app listening on port 5000',
  level: 'info',
  label: 'UM',
  timestamp: '2024-04-14T23:50:12.371Z'
}
{
  message: 'Database is connected successfully',
  level: 'info',
  label: 'UM',
  timestamp: '2024-04-14T23:55:54.896Z'
}
{
  message: 'Example app listening on port 5000',
  level: 'info',
  label: 'UM',
  timestamp: '2024-04-14T23:55:54.906Z'
}
{
  message: 'Database is connected successfully',
  level: 'info',
  label: 'UM',
  timestamp: '2024-04-14T23:58:59.619Z'
}
{
  message: 'Example app listening on port 5000',
  level: 'info',
  label: 'UM',
  timestamp: '2024-04-14T23:58:59.632Z'
}
{
  message: 'Database is connected successfully',
  level: 'info',
  label: 'UM',
  timestamp: '2024-04-14T23:59:14.979Z'
}
{
  message: 'Example app listening on port 5000',
  level: 'info',
  label: 'UM',
  timestamp: '2024-04-14T23:59:14.995Z'
}
{
  message: 'Database is connected successfully',
  level: 'info',
  label: 'UM',
  timestamp: '2024-04-14T23:59:23.885Z'
}
{
  message: 'Example app listening on port 5000',
  level: 'info',
  label: 'UM',
  timestamp: '2024-04-14T23:59:23.900Z'
}
