{
  message: 'Database is connected successfully',
  level: 'info',
  label: 'UM',
  timestamp: '2024-04-13T10:02:57.103Z'
}
{
  message: 'Example app listening on port 5000',
  level: 'info',
  label: 'UM',
  timestamp: '2024-04-13T10:02:57.115Z'
}
{
  message: 'Database is connected successfully',
  level: 'info',
  label: 'UM',
  timestamp: '2024-04-13T10:07:11.965Z'
}
{
  message: 'Example app listening on port 5000',
  level: 'info',
  label: 'UM',
  timestamp: '2024-04-13T10:07:11.978Z'
}
{
  message: 'Database is connected successfully',
  level: 'info',
  label: 'UM',
  timestamp: '2024-04-13T10:25:57.048Z'
}
{
  message: 'Example app listening on port 5000',
  level: 'info',
  label: 'UM',
  timestamp: '2024-04-13T10:25:57.063Z'
}
{
  message: 'Database is connected successfully',
  level: 'info',
  label: 'UM',
  timestamp: '2024-04-13T10:26:08.221Z'
}
{
  message: 'Example app listening on port 5000',
  level: 'info',
  label: 'UM',
  timestamp: '2024-04-13T10:26:08.231Z'
}
{
  message: 'Database is connected successfully',
  level: 'info',
  label: 'UM',
  timestamp: '2024-04-13T10:27:11.179Z'
}
{
  message: 'Example app listening on port 5000',
  level: 'info',
  label: 'UM',
  timestamp: '2024-04-13T10:27:11.187Z'
}
{
  message: 'Database is connected successfully',
  level: 'info',
  label: 'UM',
  timestamp: '2024-04-13T10:28:15.503Z'
}
{
  message: 'Example app listening on port 5000',
  level: 'info',
  label: 'UM',
  timestamp: '2024-04-13T10:28:15.510Z'
}
{
  message: 'Database is connected successfully',
  level: 'info',
  label: 'UM',
  timestamp: '2024-04-13T10:31:52.171Z'
}
{
  message: 'Example app listening on port 5000',
  level: 'info',
  label: 'UM',
  timestamp: '2024-04-13T10:31:52.184Z'
}
{
  message: 'Database is connected successfully',
  level: 'info',
  label: 'UM',
  timestamp: '2024-04-13T10:45:46.245Z'
}
{
  message: 'Example app listening on port 5000',
  level: 'info',
  label: 'UM',
  timestamp: '2024-04-13T10:45:46.253Z'
}
